<?xml version="1.0" encoding="UTF-8"?>
<!-- Generated by org.testng.reporters.JUnitXMLReporter -->
<testsuite hostname="MIFARDGOLLA-M2" ignored="0" name="Default test" tests="2" failures="0" timestamp="2021-08-31T17:11:51 EDT" time="37.827" errors="0">
  <testcase name="TC1_searchMovie" time="11.621" classname="RedboxMavenProject.RedboxMavenProject.testscripts.SearchMovieTest"/>
  <testcase name="TC2_exploreMovieResults" time="1.967" classname="RedboxMavenProject.RedboxMavenProject.testscripts.SearchMovieTest"/>
</testsuite> <!-- Default test -->
