<?xml version="1.0" encoding="UTF-8"?>
<!-- Generated by org.testng.reporters.JUnitXMLReporter -->
<testsuite ignored="0" hostname="MIFARDGOLLA-M2" failures="0" tests="2" name="exampletest2" time="24.711" errors="0" timestamp="2021-08-29T01:02:35 EDT">
  <testcase classname="RedboxMavenProject.RedboxMavenProject.testscripts.SearchMovieTest" name="TC1_searchMovie" time="13.272"/>
  <testcase classname="RedboxMavenProject.RedboxMavenProject.testscripts.SearchMovieTest" name="TC2_exploreMovieResults" time="3.102"/>
</testsuite> <!-- exampletest2 -->
