<?xml version="1.0" encoding="UTF-8"?>
<!-- Generated by org.testng.reporters.JUnitXMLReporter -->
<testsuite hostname="MIFARDGOLLA-M2" ignored="0" name="exampletest2" tests="2" failures="0" timestamp="2021-08-29T00:50:37 EDT" time="25.302" errors="0">
  <testcase name="TC1_searchMovie" time="12.283" classname="RedboxMavenProject.RedboxMavenProject.testscripts.SearchMovieTest"/>
  <testcase name="TC2_exploreMovieResults" time="5.338" classname="RedboxMavenProject.RedboxMavenProject.testscripts.SearchMovieTest"/>
</testsuite> <!-- exampletest2 -->
